#
# There is insufficient memory for the Java Runtime Environment to continue.
# Native memory allocation (mmap) failed to map 12288 bytes for committing reserved memory.
# Possible reasons:
#   The system is out of physical RAM or swap space
#   In 32 bit mode, the process size limit was hit
# Possible solutions:
#   Reduce memory load on the system
#   Increase physical memory or swap space
#   Check if swap backing store is full
#   Use 64 bit Java on a 64 bit OS
#   Decrease Java heap size (-Xmx/-Xms)
#   Decrease number of Java threads
#   Decrease Java thread stack sizes (-Xss)
#   Set larger code cache with -XX:ReservedCodeCacheSize=
# This output file may be truncated or incomplete.
#
#  Out of Memory Error (os_linux.cpp:2640), pid=19119, tid=0x00007f75c9d4c700
#
# JRE version: Java(TM) SE Runtime Environment (8.0_144-b01) (build 1.8.0_144-b01)
# Java VM: Java HotSpot(TM) 64-Bit Server VM (25.144-b01 mixed mode linux-amd64 compressed oops)
# Failed to write core dump. Core dumps have been disabled. To enable core dumping, try "ulimit -c unlimited" before starting Java again
#

---------------  T H R E A D  ---------------

Current thread (0x00007f758000a800):  JavaThread "cling-62" [_thread_new, id=20474, stack(0x00007f75c9c4c000,0x00007f75c9d4d000)]

Stack: [0x00007f75c9c4c000,0x00007f75c9d4d000],  sp=0x00007f75c9d4b8e0,  free space=1022k
Native frames: (J=compiled Java code, j=interpreted, Vv=VM code, C=native code)
V  [libjvm.so+0xacb18a]  VMError::report_and_die()+0x2ba
V  [libjvm.so+0x4ff4db]  report_vm_out_of_memory(char const*, int, unsigned long, VMErrorType, char const*)+0x8b
V  [libjvm.so+0x927d23]  os::Linux::commit_memory_impl(char*, unsigned long, bool)+0x103
V  [libjvm.so+0x927dec]  os::pd_commit_memory(char*, unsigned long, bool)+0xc
V  [libjvm.so+0x9217ba]  os::commit_memory(char*, unsigned long, bool)+0x2a
V  [libjvm.so+0x9261df]  os::pd_create_stack_guard_pages(char*, unsigned long)+0x7f
V  [libjvm.so+0xa6ffce]  JavaThread::create_stack_guard_pages()+0x5e
V  [libjvm.so+0xa797b4]  JavaThread::run()+0x34
V  [libjvm.so+0x92a338]  java_start(Thread*)+0x108
C  [libpthread.so.0+0x7494]  start_thread+0xc4


---------------  P R O C E S S  ---------------

Java Threads: ( => current thread )
  0x00007f7580008800 JavaThread "cling-67" [_thread_blocked, id=20488, stack(0x00007f75c9d4d000,0x00007f75c9e4e000)]
  0x00007f7580008000 JavaThread "cling-66" [_thread_blocked, id=20487, stack(0x00007f75c9b4b000,0x00007f75c9c4c000)]
  0x00007f7580005800 JavaThread "cling-65" [_thread_in_vm, id=20486, stack(0x00007f75ca407000,0x00007f75ca508000)]
  0x00007f758000c000 JavaThread "cling-64" [_thread_in_vm, id=20485, stack(0x00007f75c9e4e000,0x00007f75c9f4f000)]
  0x00007f758000e000 JavaThread "cling-63" [_thread_blocked, id=20484, stack(0x00007f75c9a4a000,0x00007f75c9b4b000)]
=>0x00007f758000a800 JavaThread "cling-62" [_thread_new, id=20474, stack(0x00007f75c9c4c000,0x00007f75c9d4d000)]
  0x00007f7580009800 JavaThread "cling-61" [_thread_blocked, id=20473, stack(0x00007f75c9347000,0x00007f75c9448000)]
  0x00007f7580007000 JavaThread "cling-58" [_thread_blocked, id=20449, stack(0x00007f75c9448000,0x00007f75c9549000)]
  0x00007f7580003000 JavaThread "cling-54" [_thread_blocked, id=20445, stack(0x00007f75c9f4f000,0x00007f75ca050000)]
  0x00007f75a4001000 JavaThread "Attach Listener" daemon [_thread_blocked, id=19848, stack(0x00007f75ca050000,0x00007f75ca151000)]
  0x00007f7588010800 JavaThread "TimerQueue" daemon [_thread_blocked, id=19242, stack(0x00007f75c9549000,0x00007f75c964a000)]
  0x00007f75e400b000 JavaThread "DestroyJavaVM" [_thread_blocked, id=19126, stack(0x00007f75ed22e000,0x00007f75ed32f000)]
  0x00007f7578001000 JavaThread "Thread-2" [_thread_blocked, id=19149, stack(0x00007f75ca151000,0x00007f75ca252000)]
  0x00007f75e4586000 JavaThread "cling-4" [_thread_in_native, id=19148, stack(0x00007f75ca306000,0x00007f75ca407000)]
  0x00007f75e4580800 JavaThread "server-timer" daemon [_thread_blocked, id=19146, stack(0x00007f75ca508000,0x00007f75ca609000)]
  0x00007f75e4555000 JavaThread "cling-2" [_thread_in_native, id=19145, stack(0x00007f75ca609000,0x00007f75ca70a000)]
  0x00007f75e4547800 JavaThread "cling-1" [_thread_blocked, id=19144, stack(0x00007f75ca70a000,0x00007f75ca80b000)]
  0x00007f75e429e000 JavaThread "AWT-EventQueue-0" [_thread_blocked, id=19143, stack(0x00007f75cbbf8000,0x00007f75cbcf9000)]
  0x00007f75e429c000 JavaThread "AWT-Shutdown" [_thread_blocked, id=19142, stack(0x00007f75cbcf9000,0x00007f75cbdfa000)]
  0x00007f75e4235800 JavaThread "AWT-XAWT" daemon [_thread_blocked, id=19141, stack(0x00007f75d0066000,0x00007f75d0167000)]
  0x00007f75e4211000 JavaThread "Java2D Disposer" daemon [_thread_blocked, id=19140, stack(0x00007f75d0372000,0x00007f75d0473000)]
  0x00007f75e40ca000 JavaThread "Service Thread" daemon [_thread_blocked, id=19138, stack(0x00007f75d22e9000,0x00007f75d23ea000)]
  0x00007f75e40bf000 JavaThread "C1 CompilerThread2" daemon [_thread_in_vm, id=19137, stack(0x00007f75d23ea000,0x00007f75d24eb000)]
  0x00007f75e40bd000 JavaThread "C2 CompilerThread1" daemon [_thread_blocked, id=19136, stack(0x00007f75d24eb000,0x00007f75d25ec000)]
  0x00007f75e40ba000 JavaThread "C2 CompilerThread0" daemon [_thread_blocked, id=19135, stack(0x00007f75d25ec000,0x00007f75d26ed000)]
  0x00007f75e40b8800 JavaThread "Signal Dispatcher" daemon [_thread_blocked, id=19134, stack(0x00007f75d26ed000,0x00007f75d27ee000)]
  0x00007f75e4085000 JavaThread "Finalizer" daemon [_thread_blocked, id=19133, stack(0x00007f75d2b09000,0x00007f75d2c0a000)]
  0x00007f75e4080800 JavaThread "Reference Handler" daemon [_thread_blocked, id=19132, stack(0x00007f75d2c0a000,0x00007f75d2d0b000)]

Other Threads:
  0x00007f75e4078800 VMThread [stack: 0x00007f75d2d0b000,0x00007f75d2e0c000] [id=19131]
  0x00007f75e40cc800 WatcherThread [stack: 0x00007f75d21e8000,0x00007f75d22e9000] [id=19139]

VM state:synchronizing (normal execution)

VM Mutex/Monitor currently owned by a thread:  ([mutex/lock_event])
[0x00007f75e4007270] Safepoint_lock - owner thread: 0x00007f75e4078800
[0x00007f75e40072f0] Threads_lock - owner thread: 0x00007f75e4078800

Heap:
 PSYoungGen      total 17920K, used 6471K [0x00000000ec100000, 0x00000000ed500000, 0x0000000100000000)
  eden space 15360K, 25% used [0x00000000ec100000,0x00000000ec4d5ec8,0x00000000ed000000)
  from space 2560K, 99% used [0x00000000ed000000,0x00000000ed27c020,0x00000000ed280000)
  to   space 2560K, 0% used [0x00000000ed280000,0x00000000ed280000,0x00000000ed500000)
 ParOldGen       total 40960K, used 2958K [0x00000000c4200000, 0x00000000c6a00000, 0x00000000ec100000)
  object space 40960K, 7% used [0x00000000c4200000,0x00000000c44e3b28,0x00000000c6a00000)
 Metaspace       used 19171K, capacity 19502K, committed 19840K, reserved 1067008K
  class space    used 2271K, capacity 2373K, committed 2432K, reserved 1048576K

Card table byte_map: [0x00007f75e9e2e000,0x00007f75ea00e000] byte_map_base: 0x00007f75e980d000

Marking Bits: (ParMarkBitMap*) 0x00007f75ec737dc0
 Begin Bits: [0x00007f75d3210000, 0x00007f75d4108000)
 End Bits:   [0x00007f75d4108000, 0x00007f75d5000000)

Polling page: 0x00007f75ed359000

CodeCache: size=245760Kb used=7360Kb max_used=7360Kb free=238400Kb
 bounds [0x00007f75d5000000, 0x00007f75d5740000, 0x00007f75e4000000]
 total_blobs=2875 nmethods=2293 adapters=494
 compilation: enabled

Compilation events (10 events):
Event: 1574,867 Thread 0x00007f75e40bf000 nmethod 2468 0x00007f75d5734190 code [0x00007f75d5734300, 0x00007f75d57344b0]
Event: 1756,650 Thread 0x00007f75e40bf000 2471       1       java.lang.Thread::isDaemon (5 bytes)
Event: 1756,650 Thread 0x00007f75e40bd000 2474       4       java.util.regex.Pattern::closure (477 bytes)
Event: 1759,722 Thread 0x00007f75e40bf000 nmethod 2471 0x00007f75d5733ed0 code [0x00007f75d5734020, 0x00007f75d5734130]
Event: 1759,722 Thread 0x00007f75e40bf000 2473       3       org.seamless.http.Headers::putAll (58 bytes)
Event: 1759,832 Thread 0x00007f75e40bf000 nmethod 2473 0x00007f75d5732fd0 code [0x00007f75d57331e0, 0x00007f75d5733c28]
Event: 1759,832 Thread 0x00007f75e40bf000 2472       1       java.lang.Thread::getPriority (5 bytes)
Event: 1759,832 Thread 0x00007f75e40bf000 nmethod 2472 0x00007f75d5732d10 code [0x00007f75d5732e60, 0x00007f75d5732f70]
Event: 1776,355 Thread 0x00007f75e40bd000 nmethod 2474 0x00007f75d5736e90 code [0x00007f75d57370a0, 0x00007f75d5737a30]
Event: 1821,264 Thread 0x00007f75e40bf000 2475       3       org.seamless.http.Headers::<init> (212 bytes)

GC Heap History (6 events):
Event: 1,345 GC heap before
{Heap before GC invocations=1 (full 0):
 PSYoungGen      total 17920K, used 15360K [0x00000000ec100000, 0x00000000ed500000, 0x0000000100000000)
  eden space 15360K, 100% used [0x00000000ec100000,0x00000000ed000000,0x00000000ed000000)
  from space 2560K, 0% used [0x00000000ed280000,0x00000000ed280000,0x00000000ed500000)
  to   space 2560K, 0% used [0x00000000ed000000,0x00000000ed000000,0x00000000ed280000)
 ParOldGen       total 40960K, used 0K [0x00000000c4200000, 0x00000000c6a00000, 0x00000000ec100000)
  object space 40960K, 0% used [0x00000000c4200000,0x00000000c4200000,0x00000000c6a00000)
 Metaspace       used 13286K, capacity 13522K, committed 13824K, reserved 1060864K
  class space    used 1635K, capacity 1707K, committed 1792K, reserved 1048576K
Event: 1,352 GC heap after
Heap after GC invocations=1 (full 0):
 PSYoungGen      total 17920K, used 2546K [0x00000000ec100000, 0x00000000ed500000, 0x0000000100000000)
  eden space 15360K, 0% used [0x00000000ec100000,0x00000000ec100000,0x00000000ed000000)
  from space 2560K, 99% used [0x00000000ed000000,0x00000000ed27c820,0x00000000ed280000)
  to   space 2560K, 0% used [0x00000000ed280000,0x00000000ed280000,0x00000000ed500000)
 ParOldGen       total 40960K, used 723K [0x00000000c4200000, 0x00000000c6a00000, 0x00000000ec100000)
  object space 40960K, 1% used [0x00000000c4200000,0x00000000c42b4d38,0x00000000c6a00000)
 Metaspace       used 13286K, capacity 13522K, committed 13824K, reserved 1060864K
  class space    used 1635K, capacity 1707K, committed 1792K, reserved 1048576K
}
Event: 100,891 GC heap before
{Heap before GC invocations=2 (full 0):
 PSYoungGen      total 17920K, used 17906K [0x00000000ec100000, 0x00000000ed500000, 0x0000000100000000)
  eden space 15360K, 100% used [0x00000000ec100000,0x00000000ed000000,0x00000000ed000000)
  from space 2560K, 99% used [0x00000000ed000000,0x00000000ed27c820,0x00000000ed280000)
  to   space 2560K, 0% used [0x00000000ed280000,0x00000000ed280000,0x00000000ed500000)
 ParOldGen       total 40960K, used 723K [0x00000000c4200000, 0x00000000c6a00000, 0x00000000ec100000)
  object space 40960K, 1% used [0x00000000c4200000,0x00000000c42b4d38,0x00000000c6a00000)
 Metaspace       used 18722K, capacity 18950K, committed 19328K, reserved 1067008K
  class space    used 2248K, capacity 2329K, committed 2432K, reserved 1048576K
Event: 100,907 GC heap after
Heap after GC invocations=2 (full 0):
 PSYoungGen      total 17920K, used 2528K [0x00000000ec100000, 0x00000000ed500000, 0x0000000100000000)
  eden space 15360K, 0% used [0x00000000ec100000,0x00000000ec100000,0x00000000ed000000)
  from space 2560K, 98% used [0x00000000ed280000,0x00000000ed4f8030,0x00000000ed500000)
  to   space 2560K, 0% used [0x00000000ed000000,0x00000000ed000000,0x00000000ed280000)
 ParOldGen       total 40960K, used 2841K [0x00000000c4200000, 0x00000000c6a00000, 0x00000000ec100000)
  object space 40960K, 6% used [0x00000000c4200000,0x00000000c44c64a8,0x00000000c6a00000)
 Metaspace       used 18722K, capacity 18950K, committed 19328K, reserved 1067008K
  class space    used 2248K, capacity 2329K, committed 2432K, reserved 1048576K
}
Event: 583,102 GC heap before
{Heap before GC invocations=3 (full 0):
 PSYoungGen      total 17920K, used 17888K [0x00000000ec100000, 0x00000000ed500000, 0x0000000100000000)
  eden space 15360K, 100% used [0x00000000ec100000,0x00000000ed000000,0x00000000ed000000)
  from space 2560K, 98% used [0x00000000ed280000,0x00000000ed4f8030,0x00000000ed500000)
  to   space 2560K, 0% used [0x00000000ed000000,0x00000000ed000000,0x00000000ed280000)
 ParOldGen       total 40960K, used 2841K [0x00000000c4200000, 0x00000000c6a00000, 0x00000000ec100000)
  object space 40960K, 6% used [0x00000000c4200000,0x00000000c44c64a8,0x00000000c6a00000)
 Metaspace       used 19159K, capacity 19438K, committed 19840K, reserved 1067008K
  class space    used 2271K, capacity 2373K, committed 2432K, reserved 1048576K
Event: 583,956 GC heap after
Heap after GC invocations=3 (full 0):
 PSYoungGen      total 17920K, used 2544K [0x00000000ec100000, 0x00000000ed500000, 0x0000000100000000)
  eden space 15360K, 0% used [0x00000000ec100000,0x00000000ec100000,0x00000000ed000000)
  from space 2560K, 99% used [0x00000000ed000000,0x00000000ed27c020,0x00000000ed280000)
  to   space 2560K, 0% used [0x00000000ed280000,0x00000000ed280000,0x00000000ed500000)
 ParOldGen       total 40960K, used 2958K [0x00000000c4200000, 0x00000000c6a00000, 0x00000000ec100000)
  object space 40960K, 7% used [0x00000000c4200000,0x00000000c44e3b28,0x00000000c6a00000)
 Metaspace       used 19159K, capacity 19438K, committed 19840K, reserved 1067008K
  class space    used 2271K, capacity 2373K, committed 2432K, reserved 1048576K
}

Deoptimization events (10 events):
Event: 20,903 Thread 0x00007f75e429e000 Uncommon trap: reason=class_check action=maybe_recompile pc=0x00007f75d5177f30 method=java.lang.String.equals(Ljava/lang/Object;)Z @ 8
Event: 20,903 Thread 0x00007f75e429e000 Uncommon trap: reason=class_check action=maybe_recompile pc=0x00007f75d5177f30 method=java.lang.String.equals(Ljava/lang/Object;)Z @ 8
Event: 22,689 Thread 0x00007f75e429e000 Uncommon trap: reason=class_check action=maybe_recompile pc=0x00007f75d5177f30 method=java.lang.String.equals(Ljava/lang/Object;)Z @ 8
Event: 23,345 Thread 0x00007f75e429e000 Uncommon trap: reason=class_check action=maybe_recompile pc=0x00007f75d5177f30 method=java.lang.String.equals(Ljava/lang/Object;)Z @ 8
Event: 200,195 Thread 0x00007f754c002800 Uncommon trap: reason=bimorphic action=maybe_recompile pc=0x00007f75d52fcdf4 method=java.util.HashMap.putVal(ILjava/lang/Object;Ljava/lang/Object;ZZ)Ljava/lang/Object; @ 253
Event: 200,343 Thread 0x00007f755c00c800 Uncommon trap: reason=bimorphic action=maybe_recompile pc=0x00007f75d52fcdf4 method=java.util.HashMap.putVal(ILjava/lang/Object;Ljava/lang/Object;ZZ)Ljava/lang/Object; @ 253
Event: 201,437 Thread 0x00007f755c00c800 Uncommon trap: reason=bimorphic action=maybe_recompile pc=0x00007f75d52fcdf4 method=java.util.HashMap.putVal(ILjava/lang/Object;Ljava/lang/Object;ZZ)Ljava/lang/Object; @ 253
Event: 201,518 Thread 0x00007f755c00c800 Uncommon trap: reason=bimorphic action=maybe_recompile pc=0x00007f75d52fcdf4 method=java.util.HashMap.putVal(ILjava/lang/Object;Ljava/lang/Object;ZZ)Ljava/lang/Object; @ 253
Event: 259,419 Thread 0x00007f754c002800 Uncommon trap: reason=bimorphic action=maybe_recompile pc=0x00007f75d512db04 method=java.util.HashMap.putVal(ILjava/lang/Object;Ljava/lang/Object;ZZ)Ljava/lang/Object; @ 91
Event: 264,336 Thread 0x00007f754c002800 Uncommon trap: reason=bimorphic action=maybe_recompile pc=0x00007f75d512db04 method=java.util.HashMap.putVal(ILjava/lang/Object;Ljava/lang/Object;ZZ)Ljava/lang/Object; @ 91

Internal exceptions (10 events):
Event: 0,270 Thread 0x00007f75e400b000 Exception <a 'java/security/PrivilegedActionException'> (0x00000000ec23f698) thrown at [/HUDSON3/workspace/8-2-build-linux-amd64/jdk8u144/9417/hotspot/src/share/vm/prims/jvm.cpp, line 1390]
Event: 0,339 Thread 0x00007f75e400b000 Exception <a 'java/lang/NoSuchFieldError': method resolution failed> (0x00000000ec30b7e8) thrown at [/HUDSON3/workspace/8-2-build-linux-amd64/jdk8u144/9417/hotspot/src/share/vm/prims/methodHandles.cpp, line 1146]
Event: 0,341 Thread 0x00007f75e400b000 Exception <a 'java/lang/NoSuchFieldError': method resolution failed> (0x00000000ec318fb8) thrown at [/HUDSON3/workspace/8-2-build-linux-amd64/jdk8u144/9417/hotspot/src/share/vm/prims/methodHandles.cpp, line 1146]
Event: 0,398 Thread 0x00007f75e400b000 Exception <a 'java/io/FileNotFoundException'> (0x00000000ec39b1f0) thrown at [/HUDSON3/workspace/8-2-build-linux-amd64/jdk8u144/9417/hotspot/src/share/vm/prims/jni.cpp, line 709]
Event: 0,398 Thread 0x00007f75e400b000 Exception <a 'java/io/FileNotFoundException'> (0x00000000ec39bbb8) thrown at [/HUDSON3/workspace/8-2-build-linux-amd64/jdk8u144/9417/hotspot/src/share/vm/prims/jni.cpp, line 709]
Event: 1,303 Thread 0x00007f75e4235800 Implicit null exception at 0x00007f75d52c8d7c to 0x00007f75d52c8e41
Event: 1,534 Thread 0x00007f75e429e000 Exception <a 'java/lang/UnsupportedOperationException': > (0x00000000ec30ed40) thrown at [/HUDSON3/workspace/8-2-build-linux-amd64/jdk8u144/9417/hotspot/src/share/vm/prims/jni.cpp, line 735]
Event: 8,747 Thread 0x00007f7580005800 Exception <a 'java/lang/ArrayIndexOutOfBoundsException': 18> (0x00000000ecbd70e8) thrown at [/HUDSON3/workspace/8-2-build-linux-amd64/jdk8u144/9417/hotspot/src/share/vm/interpreter/interpreterRuntime.cpp, line 366]
Event: 8,747 Thread 0x00007f7580005800 Exception <a 'java/lang/ArrayIndexOutOfBoundsException': 72> (0x00000000ecbd7ff0) thrown at [/HUDSON3/workspace/8-2-build-linux-amd64/jdk8u144/9417/hotspot/src/share/vm/interpreter/interpreterRuntime.cpp, line 366]
Event: 8,748 Thread 0x00007f7580005800 Exception <a 'java/lang/ArrayIndexOutOfBoundsException': 88> (0x00000000ecbd9650) thrown at [/HUDSON3/workspace/8-2-build-linux-amd64/jdk8u144/9417/hotspot/src/share/vm/interpreter/interpreterRuntime.cpp, line 366]

Events (10 events):
Event: 1902,952 Executing VM operation: RevokeBias
Event: 1981,524 Thread 0x00007f758000e000 Thread exited: 0x00007f758000e000
Event: 1981,722 Executing VM operation: RevokeBias done
Event: 1982,249 Thread 0x00007f7580009800 Thread added: 0x00007f7580009800
Event: 1982,249 Thread 0x00007f7580008000 Thread exited: 0x00007f7580008000
Event: 1982,249 Thread 0x00007f758000a800 Thread exited: 0x00007f758000a800
Event: 1982,249 Thread 0x00007f7580005800 Thread exited: 0x00007f7580005800
Event: 1982,249 Thread 0x00007f758000c000 Thread exited: 0x00007f758000c000
Event: 1982,249 Thread 0x00007f7580008800 Thread exited: 0x00007f7580008800
Event: 1984,687 Thread 0x00007f758000a800 Thread added: 0x00007f758000a800


Dynamic libraries:
00400000-00401000 r-xp 00000000 08:03 797547                             /usr/local/java/jdk1.8.0_144/bin/java
00600000-00601000 rw-p 00000000 08:03 797547                             /usr/local/java/jdk1.8.0_144/bin/java
013d3000-013f4000 rw-p 00000000 00:00 0                                  [heap]
c4200000-c6a00000 rw-p 00000000 00:00 0 
c6a00000-ec100000 ---p 00000000 00:00 0 
ec100000-ed500000 rw-p 00000000 00:00 0 
ed500000-100000000 ---p 00000000 00:00 0 
100000000-100260000 rw-p 00000000 00:00 0 
100260000-140000000 ---p 00000000 00:00 0 
7f754c000000-7f754c030000 rw-p 00000000 00:00 0 
7f754c030000-7f7550000000 ---p 00000000 00:00 0 
7f7554000000-7f7554021000 rw-p 00000000 00:00 0 
7f7554021000-7f7558000000 ---p 00000000 00:00 0 
7f7558000000-7f7558021000 rw-p 00000000 00:00 0 
7f7558021000-7f755c000000 ---p 00000000 00:00 0 
7f755c000000-7f755c040000 rw-p 00000000 00:00 0 
7f755c040000-7f7560000000 ---p 00000000 00:00 0 
7f7560000000-7f75600ae000 rw-p 00000000 00:00 0 
7f75600ae000-7f7564000000 ---p 00000000 00:00 0 
7f7564000000-7f756402b000 rw-p 00000000 00:00 0 
7f756402b000-7f7568000000 ---p 00000000 00:00 0 
7f7568000000-7f7568021000 rw-p 00000000 00:00 0 
7f7568021000-7f756c000000 ---p 00000000 00:00 0 
7f756c000000-7f756c021000 rw-p 00000000 00:00 0 
7f756c021000-7f7570000000 ---p 00000000 00:00 0 
7f7570000000-7f7570021000 rw-p 00000000 00:00 0 
7f7570021000-7f7574000000 ---p 00000000 00:00 0 
7f7574000000-7f7574021000 rw-p 00000000 00:00 0 
7f7574021000-7f7578000000 ---p 00000000 00:00 0 
7f7578000000-7f75782a6000 rw-p 00000000 00:00 0 
7f75782a6000-7f757c000000 ---p 00000000 00:00 0 
7f757c000000-7f757c28e000 rw-p 00000000 00:00 0 
7f757c28e000-7f7580000000 ---p 00000000 00:00 0 
7f7580000000-7f7580021000 rw-p 00000000 00:00 0 
7f7580021000-7f7584000000 ---p 00000000 00:00 0 
7f7584000000-7f7584021000 rw-p 00000000 00:00 0 
7f7584021000-7f7588000000 ---p 00000000 00:00 0 
7f7588000000-7f758805a000 rw-p 00000000 00:00 0 
7f758805a000-7f758c000000 ---p 00000000 00:00 0 
7f758c000000-7f758c021000 rw-p 00000000 00:00 0 
7f758c021000-7f7590000000 ---p 00000000 00:00 0 
7f7590000000-7f7590046000 rw-p 00000000 00:00 0 
7f7590046000-7f7594000000 ---p 00000000 00:00 0 
7f7594000000-7f7594021000 rw-p 00000000 00:00 0 
7f7594021000-7f7598000000 ---p 00000000 00:00 0 
7f7598000000-7f7598021000 rw-p 00000000 00:00 0 
7f7598021000-7f759c000000 ---p 00000000 00:00 0 
7f759c000000-7f759cdde000 rw-p 00000000 00:00 0 
7f759cdde000-7f75a0000000 ---p 00000000 00:00 0 
7f75a0000000-7f75a0818000 rw-p 00000000 00:00 0 
7f75a0818000-7f75a4000000 ---p 00000000 00:00 0 
7f75a4000000-7f75a4021000 rw-p 00000000 00:00 0 
7f75a4021000-7f75a8000000 ---p 00000000 00:00 0 
7f75a8000000-7f75a82a7000 rw-p 00000000 00:00 0 
7f75a82a7000-7f75ac000000 ---p 00000000 00:00 0 
7f75ac000000-7f75ac021000 rw-p 00000000 00:00 0 
7f75ac021000-7f75b0000000 ---p 00000000 00:00 0 
7f75b0000000-7f75b0021000 rw-p 00000000 00:00 0 
7f75b0021000-7f75b4000000 ---p 00000000 00:00 0 
7f75b4000000-7f75b4021000 rw-p 00000000 00:00 0 
7f75b4021000-7f75b8000000 ---p 00000000 00:00 0 
7f75b8000000-7f75b8021000 rw-p 00000000 00:00 0 
7f75b8021000-7f75bc000000 ---p 00000000 00:00 0 
7f75bc000000-7f75bc021000 rw-p 00000000 00:00 0 
7f75bc021000-7f75c0000000 ---p 00000000 00:00 0 
7f75c4000000-7f75c4021000 rw-p 00000000 00:00 0 
7f75c4021000-7f75c8000000 ---p 00000000 00:00 0 
7f75c9347000-7f75c934a000 ---p 00000000 00:00 0 
7f75c934a000-7f75c9448000 rw-p 00000000 00:00 0 
7f75c9448000-7f75c944b000 ---p 00000000 00:00 0 
7f75c944b000-7f75c9549000 rw-p 00000000 00:00 0 
7f75c9549000-7f75c954c000 ---p 00000000 00:00 0 
7f75c954c000-7f75c974a000 rw-p 00000000 00:00 0 
7f75c974a000-7f75c984a000 ---p 00000000 00:00 0 
7f75c984a000-7f75c9a4a000 rw-p 00000000 00:00 0 
7f75c9a4a000-7f75c9a4d000 ---p 00000000 00:00 0 
7f75c9a4d000-7f75c9b4b000 rw-p 00000000 00:00 0 
7f75c9b4b000-7f75c9b4e000 ---p 00000000 00:00 0 
7f75c9b4e000-7f75c9c4c000 rw-p 00000000 00:00 0 
7f75c9c4f000-7f75c9d4d000 rw-p 00000000 00:00 0 
7f75c9d4d000-7f75c9d50000 ---p 00000000 00:00 0 
7f75c9d50000-7f75c9e4e000 rw-p 00000000 00:00 0 
7f75c9e4e000-7f75c9e51000 ---p 00000000 00:00 0 
7f75c9e51000-7f75c9f4f000 rw-p 00000000 00:00 0 
7f75c9f4f000-7f75c9f52000 ---p 00000000 00:00 0 
7f75c9f52000-7f75ca050000 rw-p 00000000 00:00 0 
7f75ca050000-7f75ca053000 ---p 00000000 00:00 0 
7f75ca053000-7f75ca151000 rw-p 00000000 00:00 0 
7f75ca151000-7f75ca154000 ---p 00000000 00:00 0 
7f75ca154000-7f75ca252000 rw-p 00000000 00:00 0 
7f75ca252000-7f75ca259000 r--s 00000000 08:03 2359604                    /var/cache/fontconfig/4be9850f182b35c1350b6bbf2e42601c-le64.cache-4
7f75ca259000-7f75ca264000 r--s 00000000 08:03 2359624                    /var/cache/fontconfig/945677eb7aeaf62f1d50efc3fb3ec7d8-le64.cache-4
7f75ca264000-7f75ca26a000 r--s 00000000 08:03 2359616                    /var/cache/fontconfig/6eb3985aa4124903f6ff08ba781cd364-le64.cache-4
7f75ca26a000-7f75ca26e000 r--s 00000000 08:03 2370416                    /var/cache/fontconfig/de156ccd2eddbdc19d37a45b8b2aac9c-le64.cache-4
7f75ca26e000-7f75ca2b0000 r--s 00000000 08:03 2359580                    /var/cache/fontconfig/0bd3dc0958fa2205aaaa8ebb13e2872b-le64.cache-4
7f75ca2b0000-7f75ca2eb000 r--s 00000000 08:03 2359594                    /var/cache/fontconfig/365b55f210c0a22e9a19e35191240f32-le64.cache-4
7f75ca306000-7f75ca309000 ---p 00000000 00:00 0 
7f75ca309000-7f75ca407000 rw-p 00000000 00:00 0 
7f75ca407000-7f75ca40a000 ---p 00000000 00:00 0 
7f75ca40a000-7f75ca508000 rw-p 00000000 00:00 0 
7f75ca508000-7f75ca50b000 ---p 00000000 00:00 0 
7f75ca50b000-7f75ca609000 rw-p 00000000 00:00 0 
7f75ca609000-7f75ca60c000 ---p 00000000 00:00 0 
7f75ca60c000-7f75ca70a000 rw-p 00000000 00:00 0 
7f75ca70a000-7f75ca70d000 ---p 00000000 00:00 0 
7f75ca70d000-7f75caa0b000 rw-p 00000000 00:00 0 
7f75caa0b000-7f75caa0d000 r--s 00009000 08:03 796468                     /home/hoanganh/.m2/repository/org/slf4j/slf4j-api/1.7.25/slf4j-api-1.7.25.jar
7f75caa0d000-7f75caa2e000 r--s 00161000 08:03 141029                     /home/hoanganh/.m2/repository/org/ehcache/ehcache/3.6.1/ehcache-3.6.1.jar
7f75caa2e000-7f75caa2f000 r--s 0000a000 08:03 796871                     /home/hoanganh/.m2/repository/net/sf/kxml/kxml2/2.3.0/kxml2-2.3.0.jar
7f75caa2f000-7f75caa30000 r--s 00000000 08:03 796869                     /home/hoanganh/.m2/repository/javax/inject/javax.inject/1/javax.inject-1.jar
7f75caa30000-7f75caa31000 r--s 00005000 08:03 796867                     /home/hoanganh/.m2/repository/javax/interceptor/javax.interceptor-api/1.2/javax.interceptor-api-1.2.jar
7f75caa31000-7f75caa33000 r--s 00010000 08:03 796865                     /home/hoanganh/.m2/repository/javax/el/javax.el-api/3.0.0/javax.el-api-3.0.0.jar
7f75caa33000-7f75caa38000 r--s 00016000 08:03 928709                     /home/hoanganh/.m2/repository/javax/enterprise/cdi-api/2.0.SP1/cdi-api-2.0.SP1.jar
7f75caa38000-7f75caa3a000 r--s 00008000 08:03 927612                     /home/hoanganh/.m2/repository/org/json/json/20080701/json-20080701.jar
7f75caa3a000-7f75caa3d000 r--s 0001b000 08:03 927610                     /home/hoanganh/.m2/repository/xpp3/xpp3/1.1.4c/xpp3-1.1.4c.jar
7f75caa3d000-7f75caa43000 r--s 00019000 08:03 927608                     /home/hoanganh/.m2/repository/xerces/xmlParserAPIs/2.6.2/xmlParserAPIs-2.6.2.jar
7f75caa43000-7f75caa44000 r--s 00004000 08:03 927606                     /home/hoanganh/.m2/repository/org/khronos/opengl-api/gl1.1-android-2.1_r1/opengl-api-gl1.1-android-2.1_r1.jar
7f75caa44000-7f75caa46000 r--s 0000a000 08:03 796861                     /home/hoanganh/.m2/repository/commons-codec/commons-codec/1.3/commons-codec-1.3.jar
7f75caa46000-7f75caa4b000 r--s 00026000 08:03 796859                     /home/hoanganh/.m2/repository/org/apache/httpcomponents/httpcore/4.0.1/httpcore-4.0.1.jar
7f75caa4b000-7f75caa53000 r--s 00040000 08:03 796857                     /home/hoanganh/.m2/repository/org/apache/httpcomponents/httpclient/4.0.1/httpclient-4.0.1.jar
7f75caa53000-7f75caa55000 r--s 0000d000 08:03 927604                     /home/hoanganh/.m2/repository/commons-logging/commons-logging/1.1.1/commons-logging-1.1.1.jar
7f75caa55000-7f75caaf6000 r--s 00bb9000 08:03 796855                     /home/hoanganh/.m2/repository/com/google/android/android/4.1.1.4/android-4.1.1.4.jar
7f75caaf6000-7f75caafc000 r--s 0003f000 08:03 927444                     /home/hoanganh/.m2/repository/org/eclipse/jetty/jetty-client/9.4.12.v20180830/jetty-client-9.4.12.v20180830.jar
7f75caafc000-7f75caafe000 r--s 00015000 08:03 927439                     /home/hoanganh/.m2/repository/org/eclipse/jetty/jetty-security/9.4.12.v20180830/jetty-security-9.4.12.v20180830.jar
7f75caafe000-7f75cab01000 r--s 00019000 08:03 927392                     /home/hoanganh/.m2/repository/org/eclipse/jetty/jetty-servlet/9.4.12.v20180830/jetty-servlet-9.4.12.v20180830.jar
7f75cab01000-7f75cab05000 r--s 0001f000 08:03 925761                     /home/hoanganh/.m2/repository/org/eclipse/jetty/jetty-io/9.4.12.v20180830/jetty-io-9.4.12.v20180830.jar
7f75cab05000-7f75cab0d000 r--s 00073000 08:03 925742                     /home/hoanganh/.m2/repository/org/eclipse/jetty/jetty-util/9.4.12.v20180830/jetty-util-9.4.12.v20180830.jar
7f75cab0d000-7f75cab10000 r--s 0002d000 08:03 925720                     /home/hoanganh/.m2/repository/org/eclipse/jetty/jetty-http/9.4.12.v20180830/jetty-http-9.4.12.v20180830.jar
7f75cab10000-7f75cab13000 r--s 00015000 08:03 925718                     /home/hoanganh/.m2/repository/javax/servlet/javax.servlet-api/3.1.0/javax.servlet-api-3.1.0.jar
7f75cab13000-7f75cab1b000 r--s 0008d000 08:03 925248                     /home/hoanganh/.m2/repository/org/eclipse/jetty/jetty-server/9.4.12.v20180830/jetty-server-9.4.12.v20180830.jar
7f75cab1b000-7f75cab1d000 r--s 0000e000 08:03 796817                     /home/hoanganh/.m2/repository/org/seamless/seamless-xml/1.1.1/seamless-xml-1.1.1.jar
7f75cab1d000-7f75cab20000 r--s 00015000 08:03 796813                     /home/hoanganh/.m2/repository/org/seamless/seamless-util/1.1.1/seamless-util-1.1.1.jar
7f75cab20000-7f75cab3c000 r--s 00393000 08:03 1056861                    /usr/local/java/jdk1.8.0_144/jre/lib/ext/cldrdata.jar
7f75cab3c000-7f75cab46000 r--s 00116000 08:03 1056858                    /usr/local/java/jdk1.8.0_144/jre/lib/ext/localedata.jar
7f75cab6c000-7f75cab86000 r--s 00000000 08:03 532735                     /usr/share/fonts/type1/gsfonts/c059013l.pfb
7f75cab86000-7f75cab97000 r--s 00000000 08:03 532768                     /usr/share/fonts/type1/gsfonts/n019063l.pfb
7f75cabcb000-7f75cabe6000 r--s 00000000 08:03 532738                     /usr/share/fonts/type1/gsfonts/c059016l.pfb
7f75cabf9000-7f75cac11000 r--s 00000000 08:03 532744                     /usr/share/fonts/type1/gsfonts/c059036l.pfb
7f75cac11000-7f75cac21000 r--s 00000000 08:03 532711                     /usr/share/fonts/type1/gsfonts/a010013l.pfb
7f75cac37000-7f75cac48000 r--s 00000000 08:03 532756                     /usr/share/fonts/type1/gsfonts/n019023l.pfb
7f75cac48000-7f75cac5c000 r--s 00000000 08:03 532750                     /usr/share/fonts/type1/gsfonts/n019003l.pfb
7f75cac78000-7f75cac8e000 r--s 00000000 08:03 532783                     /usr/share/fonts/type1/gsfonts/n021024l.pfb
7f75cac8e000-7f75caca6000 r--s 00000000 08:03 532741                     /usr/share/fonts/type1/gsfonts/c059033l.pfb
7f75caca6000-7f75cacbf000 r--s 00000000 08:03 532774                     /usr/share/fonts/type1/gsfonts/n021003l.pfb
7f75cad53000-7f75cad65000 r--s 00000000 08:03 532753                     /usr/share/fonts/type1/gsfonts/n019004l.pfb
7f75cad65000-7f75cad76000 r--s 00000000 08:03 532720                     /usr/share/fonts/type1/gsfonts/a010035l.pfb
7f75cadb6000-7f75cadc6000 r--s 00000000 08:03 532717                     /usr/share/fonts/type1/gsfonts/a010033l.pfb
7f75cadf3000-7f75cae03000 r--s 00000000 08:03 532714                     /usr/share/fonts/type1/gsfonts/a010015l.pfb
7f75cae4f000-7f75cb04f000 rw-p 00000000 00:00 0 
7f75cb04f000-7f75cb0b8000 r-xp 00000000 08:03 928622                     /usr/local/java/jdk1.8.0_144/jre/lib/amd64/libt2k.so
7f75cb0b8000-7f75cb2b8000 ---p 00069000 08:03 928622                     /usr/local/java/jdk1.8.0_144/jre/lib/amd64/libt2k.so
7f75cb2b8000-7f75cb2bf000 rw-p 00069000 08:03 928622                     /usr/local/java/jdk1.8.0_144/jre/lib/amd64/libt2k.so
7f75cb2bf000-7f75cb2cf000 rw-p 00000000 00:00 0 
7f75cb2cf000-7f75cb2e0000 r-xp 00000000 08:03 928596                     /usr/local/java/jdk1.8.0_144/jre/lib/amd64/libnio.so
7f75cb2e0000-7f75cb4df000 ---p 00011000 08:03 928596                     /usr/local/java/jdk1.8.0_144/jre/lib/amd64/libnio.so
7f75cb4df000-7f75cb4e0000 rw-p 00010000 08:03 928596                     /usr/local/java/jdk1.8.0_144/jre/lib/amd64/libnio.so
7f75cb4e0000-7f75cb7e1000 rw-p 00000000 00:00 0 
7f75cb7e1000-7f75cb7f7000 r-xp 00000000 08:03 928571                     /usr/local/java/jdk1.8.0_144/jre/lib/amd64/libnet.so
7f75cb7f7000-7f75cb9f7000 ---p 00016000 08:03 928571                     /usr/local/java/jdk1.8.0_144/jre/lib/amd64/libnet.so
7f75cb9f7000-7f75cb9f8000 rw-p 00016000 08:03 928571                     /usr/local/java/jdk1.8.0_144/jre/lib/amd64/libnet.so
7f75cb9f8000-7f75cbbf8000 rw-p 00000000 00:00 0 
7f75cbbf8000-7f75cbbfb000 ---p 00000000 00:00 0 
7f75cbbfb000-7f75cbcf9000 rw-p 00000000 00:00 0 
7f75cbcf9000-7f75cbcfc000 ---p 00000000 00:00 0 
7f75cbcfc000-7f75cbdfa000 rw-p 00000000 00:00 0 
7f75cbdfa000-7f75cbdff000 r-xp 00000000 08:03 3026831                    /usr/lib/x86_64-linux-gnu/libXfixes.so.3.1.0
7f75cbdff000-7f75cbffe000 ---p 00005000 08:03 3026831                    /usr/lib/x86_64-linux-gnu/libXfixes.so.3.1.0
7f75cbffe000-7f75cbfff000 r--p 00004000 08:03 3026831                    /usr/lib/x86_64-linux-gnu/libXfixes.so.3.1.0
7f75cbfff000-7f75cc000000 rw-p 00005000 08:03 3026831                    /usr/lib/x86_64-linux-gnu/libXfixes.so.3.1.0
7f75cc000000-7f75cc021000 rw-p 00000000 00:00 0 
7f75cc021000-7f75d0000000 ---p 00000000 00:00 0 
7f75d0000000-7f75d0002000 r--s 00004000 08:03 796815                     /home/hoanganh/.m2/repository/org/seamless/seamless-http/1.1.1/seamless-http-1.1.1.jar
7f75d0002000-7f75d0003000 r--s 00000000 08:03 2359578                    /var/cache/fontconfig/087e1975ba9a574b140bb1df193bf770-le64.cache-4
7f75d0003000-7f75d0004000 r--s 00000000 08:03 2359600                    /var/cache/fontconfig/4794a0821666d79190d59a36cb4f44b5-le64.cache-4
7f75d0004000-7f75d000a000 r--s 00000000 08:03 2359592                    /var/cache/fontconfig/3047814df9a2f067bd2d96a2b9c36e5a-le64.cache-4
7f75d000a000-7f75d0012000 r--s 00000000 08:03 2359633                    /var/cache/fontconfig/bf3b770c553c462765856025a94f1ce6-le64.cache-4
7f75d0012000-7f75d0014000 r--s 00000000 08:03 2359631                    /var/cache/fontconfig/a0107c79d978dfcc5e42cb1335b71036-le64.cache-4
7f75d0014000-7f75d0017000 r--s 00000000 08:03 2359657                    /var/cache/fontconfig/e49e89034d371f0f9de17aab02136486-le64.cache-4
7f75d0017000-7f75d0019000 r--s 00000000 08:03 2359602                    /var/cache/fontconfig/4b14b093aebc79c320de5e86ae1d3314-le64.cache-4
7f75d0019000-7f75d002c000 r--s 00000000 08:03 2386322                    /var/cache/fontconfig/d52a8644073d54c13679302ca1180695-le64.cache-4
7f75d002c000-7f75d0038000 r--s 00000000 08:03 2359649                    /var/cache/fontconfig/d589a48862398ed80a3d6066f4f56f4c-le64.cache-4
7f75d0038000-7f75d003c000 r--s 00000000 08:03 2359588                    /var/cache/fontconfig/246184dc75a16901ca37d96895904249-le64.cache-4
7f75d003c000-7f75d004e000 r--s 00000000 08:03 2359628                    /var/cache/fontconfig/9b89f8e3dae116d678bbf48e5f21f69b-le64.cache-4
7f75d0066000-7f75d0069000 ---p 00000000 00:00 0 
7f75d0069000-7f75d0167000 rw-p 00000000 00:00 0 
7f75d0167000-7f75d0171000 r-xp 00000000 08:03 3026827                    /usr/lib/x86_64-linux-gnu/libXcursor.so.1.0.2
7f75d0171000-7f75d0370000 ---p 0000a000 08:03 3026827                    /usr/lib/x86_64-linux-gnu/libXcursor.so.1.0.2
7f75d0370000-7f75d0371000 r--p 00009000 08:03 3026827                    /usr/lib/x86_64-linux-gnu/libXcursor.so.1.0.2
7f75d0371000-7f75d0372000 rw-p 0000a000 08:03 3026827                    /usr/lib/x86_64-linux-gnu/libXcursor.so.1.0.2
7f75d0372000-7f75d0375000 ---p 00000000 00:00 0 
7f75d0375000-7f75d0473000 rw-p 00000000 00:00 0 
7f75d0473000-7f75d0489000 r-xp 00000000 08:03 1314885                    /lib/x86_64-linux-gnu/libgcc_s.so.1
7f75d0489000-7f75d0688000 ---p 00016000 08:03 1314885                    /lib/x86_64-linux-gnu/libgcc_s.so.1
7f75d0688000-7f75d0689000 r--p 00015000 08:03 1314885                    /lib/x86_64-linux-gnu/libgcc_s.so.1
7f75d0689000-7f75d068a000 rw-p 00016000 08:03 1314885                    /lib/x86_64-linux-gnu/libgcc_s.so.1
7f75d068a000-7f75d06ef000 r-xp 00000000 08:03 928590                     /usr/local/java/jdk1.8.0_144/jre/lib/amd64/libfontmanager.so
7f75d06ef000-7f75d08ee000 ---p 00065000 08:03 928590                     /usr/local/java/jdk1.8.0_144/jre/lib/amd64/libfontmanager.so
7f75d08ee000-7f75d08f3000 rw-p 00064000 08:03 928590                     /usr/local/java/jdk1.8.0_144/jre/lib/amd64/libfontmanager.so
7f75d08f3000-7f75d0903000 rw-p 00000000 00:00 0 
7f75d0903000-7f75d0916000 r-xp 00000000 08:03 1314865                    /lib/x86_64-linux-gnu/libbsd.so.0.8.3
7f75d0916000-7f75d0b16000 ---p 00013000 08:03 1314865                    /lib/x86_64-linux-gnu/libbsd.so.0.8.3
7f75d0b16000-7f75d0b17000 r--p 00013000 08:03 1314865                    /lib/x86_64-linux-gnu/libbsd.so.0.8.3
7f75d0b17000-7f75d0b18000 rw-p 00014000 08:03 1314865                    /lib/x86_64-linux-gnu/libbsd.so.0.8.3
7f75d0b18000-7f75d0b19000 rw-p 00000000 00:00 0 
7f75d0b19000-7f75d0b1e000 r-xp 00000000 08:03 3026829                    /usr/lib/x86_64-linux-gnu/libXdmcp.so.6.0.0
7f75d0b1e000-7f75d0d1d000 ---p 00005000 08:03 3026829                    /usr/lib/x86_64-linux-gnu/libXdmcp.so.6.0.0
7f75d0d1d000-7f75d0d1e000 r--p 00004000 08:03 3026829                    /usr/lib/x86_64-linux-gnu/libXdmcp.so.6.0.0
7f75d0d1e000-7f75d0d1f000 rw-p 00005000 08:03 3026829                    /usr/lib/x86_64-linux-gnu/libXdmcp.so.6.0.0
7f75d0d1f000-7f75d0d22000 r-xp 00000000 08:03 3026824                    /usr/lib/x86_64-linux-gnu/libXau.so.6.0.0
7f75d0d22000-7f75d0f21000 ---p 00003000 08:03 3026824                    /usr/lib/x86_64-linux-gnu/libXau.so.6.0.0
7f75d0f21000-7f75d0f22000 r--p 00002000 08:03 3026824                    /usr/lib/x86_64-linux-gnu/libXau.so.6.0.0
7f75d0f22000-7f75d0f23000 rw-p 00003000 08:03 3026824                    /usr/lib/x86_64-linux-gnu/libXau.so.6.0.0
7f75d0f23000-7f75d0f4a000 r-xp 00000000 08:03 3027695                    /usr/lib/x86_64-linux-gnu/libxcb.so.1.1.0
7f75d0f4a000-7f75d1149000 ---p 00027000 08:03 3027695                    /usr/lib/x86_64-linux-gnu/libxcb.so.1.1.0
7f75d1149000-7f75d114a000 r--p 00026000 08:03 3027695                    /usr/lib/x86_64-linux-gnu/libxcb.so.1.1.0
7f75d114a000-7f75d114b000 rw-p 00027000 08:03 3027695                    /usr/lib/x86_64-linux-gnu/libxcb.so.1.1.0
7f75d114b000-7f75d115a000 r-xp 00000000 08:03 3026835                    /usr/lib/x86_64-linux-gnu/libXi.so.6.1.0
7f75d115a000-7f75d1359000 ---p 0000f000 08:03 3026835                    /usr/lib/x86_64-linux-gnu/libXi.so.6.1.0
7f75d1359000-7f75d135a000 r--p 0000e000 08:03 3026835                    /usr/lib/x86_64-linux-gnu/libXi.so.6.1.0
7f75d135a000-7f75d135b000 rw-p 0000f000 08:03 3026835                    /usr/lib/x86_64-linux-gnu/libXi.so.6.1.0
7f75d135b000-7f75d1360000 r-xp 00000000 08:03 3026844                    /usr/lib/x86_64-linux-gnu/libXtst.so.6.1.0
7f75d1360000-7f75d155f000 ---p 00005000 08:03 3026844                    /usr/lib/x86_64-linux-gnu/libXtst.so.6.1.0
7f75d155f000-7f75d1560000 r--p 00004000 08:03 3026844                    /usr/lib/x86_64-linux-gnu/libXtst.so.6.1.0
7f75d1560000-7f75d1561000 rw-p 00005000 08:03 3026844                    /usr/lib/x86_64-linux-gnu/libXtst.so.6.1.0
7f75d1561000-7f75d156a000 r-xp 00000000 08:03 3026841                    /usr/lib/x86_64-linux-gnu/libXrender.so.1.3.0
7f75d156a000-7f75d1769000 ---p 00009000 08:03 3026841                    /usr/lib/x86_64-linux-gnu/libXrender.so.1.3.0
7f75d1769000-7f75d176a000 r--p 00008000 08:03 3026841                    /usr/lib/x86_64-linux-gnu/libXrender.so.1.3.0
7f75d176a000-7f75d176b000 rw-p 00009000 08:03 3026841                    /usr/lib/x86_64-linux-gnu/libXrender.so.1.3.0
7f75d176b000-7f75d18a5000 r-xp 00000000 08:03 3026823                    /usr/lib/x86_64-linux-gnu/libX11.so.6.3.0
7f75d18a5000-7f75d1aa5000 ---p 0013a000 08:03 3026823                    /usr/lib/x86_64-linux-gnu/libX11.so.6.3.0
7f75d1aa5000-7f75d1aa6000 r--p 0013a000 08:03 3026823                    /usr/lib/x86_64-linux-gnu/libX11.so.6.3.0
7f75d1aa6000-7f75d1aab000 rw-p 0013b000 08:03 3026823                    /usr/lib/x86_64-linux-gnu/libX11.so.6.3.0
7f75d1aab000-7f75d1abc000 r-xp 00000000 08:03 3026830                    /usr/lib/x86_64-linux-gnu/libXext.so.6.4.0
7f75d1abc000-7f75d1cbb000 ---p 00011000 08:03 3026830                    /usr/lib/x86_64-linux-gnu/libXext.so.6.4.0
7f75d1cbb000-7f75d1cbc000 r--p 00010000 08:03 3026830                    /usr/lib/x86_64-linux-gnu/libXext.so.6.4.0
7f75d1cbc000-7f75d1cbd000 rw-p 00011000 08:03 3026830                    /usr/lib/x86_64-linux-gnu/libXext.so.6.4.0
7f75d1cbd000-7f75d1d11000 r-xp 00000000 08:03 928598                     /usr/local/java/jdk1.8.0_144/jre/lib/amd64/libawt_xawt.so
7f75d1d11000-7f75d1f11000 ---p 00054000 08:03 928598                     /usr/local/java/jdk1.8.0_144/jre/lib/amd64/libawt_xawt.so
7f75d1f11000-7f75d1f15000 rw-p 00054000 08:03 928598                     /usr/local/java/jdk1.8.0_144/jre/lib/amd64/libawt_xawt.so
7f75d1f15000-7f75d1f16000 rw-p 00000000 00:00 0 
7f75d1f16000-7f75d1fb8000 r-xp 00000000 08:03 928625                     /usr/local/java/jdk1.8.0_144/jre/lib/amd64/libawt.so
7f75d1fb8000-7f75d21b8000 ---p 000a2000 08:03 928625                     /usr/local/java/jdk1.8.0_144/jre/lib/amd64/libawt.so
7f75d21b8000-7f75d21c4000 rw-p 000a2000 08:03 928625                     /usr/local/java/jdk1.8.0_144/jre/lib/amd64/libawt.so
7f75d21c4000-7f75d21e8000 rw-p 00000000 00:00 0 
7f75d21e8000-7f75d21e9000 ---p 00000000 00:00 0 
7f75d21e9000-7f75d22e9000 rw-p 00000000 00:00 0 
7f75d22e9000-7f75d22ec000 ---p 00000000 00:00 0 
7f75d22ec000-7f75d23ea000 rw-p 00000000 00:00 0 
7f75d23ea000-7f75d23ed000 ---p 00000000 00:00 0 
7f75d23ed000-7f75d24eb000 rw-p 00000000 00:00 0 
7f75d24eb000-7f75d24ee000 ---p 00000000 00:00 0 
7f75d24ee000-7f75d25ec000 rw-p 00000000 00:00 0 
7f75d25ec000-7f75d25ef000 ---p 00000000 00:00 0 
7f75d25ef000-7f75d26ed000 rw-p 00000000 00:00 0 
7f75d26ed000-7f75d26f0000 ---p 00000000 00:00 0 
7f75d26f0000-7f75d27ee000 rw-p 00000000 00:00 0 
7f75d27ee000-7f75d2b09000 r--p 00000000 08:03 3027944                    /usr/lib/locale/locale-archive
7f75d2b09000-7f75d2b0c000 ---p 00000000 00:00 0 
7f75d2b0c000-7f75d2c0a000 rw-p 00000000 00:00 0 
7f75d2c0a000-7f75d2c0d000 ---p 00000000 00:00 0 
7f75d2c0d000-7f75d2d0b000 rw-p 00000000 00:00 0 
7f75d2d0b000-7f75d2d0c000 ---p 00000000 00:00 0 
7f75d2d0c000-7f75d5000000 rw-p 00000000 00:00 0 
7f75d5000000-7f75d5740000 rwxp 00000000 00:00 0 
7f75d5740000-7f75e4000000 ---p 00000000 00:00 0 
7f75e4000000-7f75e4750000 rw-p 00000000 00:00 0 
7f75e4750000-7f75e8000000 ---p 00000000 00:00 0 
7f75e8000000-7f75e8001000 r--s 00000000 08:03 2359622                    /var/cache/fontconfig/8a687c406b77f27d99abfeeba937fcce-le64.cache-4
7f75e8001000-7f75e8002000 r--s 00000000 08:03 2359598                    /var/cache/fontconfig/3f7329c5293ffd510edef78f73874cfd-le64.cache-4
7f75e8002000-7f75e8009000 r--s 00000000 08:03 2359608                    /var/cache/fontconfig/53d14c92082a93e67d5078324eb314ca-le64.cache-4
7f75e8009000-7f75e800a000 r--s 00000000 08:03 2359635                    /var/cache/fontconfig/c277e94e32b20404286a1ddafa5a80f0-le64.cache-4
7f75e800a000-7f75e800d000 r--s 00000000 08:03 2359655                    /var/cache/fontconfig/e13b20fdb08344e0e664864cc2ede53d-le64.cache-4
7f75e8016000-7f75e801d000 r--s 00000000 08:03 2359604                    /var/cache/fontconfig/4be9850f182b35c1350b6bbf2e42601c-le64.cache-4
7f75e801d000-7f75e801e000 r--s 00000000 08:03 2359578                    /var/cache/fontconfig/087e1975ba9a574b140bb1df193bf770-le64.cache-4
7f75e801e000-7f75e8029000 r--s 00000000 08:03 2359624                    /var/cache/fontconfig/945677eb7aeaf62f1d50efc3fb3ec7d8-le64.cache-4
7f75e8029000-7f75e802f000 r--s 00000000 08:03 2359616                    /var/cache/fontconfig/6eb3985aa4124903f6ff08ba781cd364-le64.cache-4
7f75e802f000-7f75e8033000 r--s 00000000 08:03 2370416                    /var/cache/fontconfig/de156ccd2eddbdc19d37a45b8b2aac9c-le64.cache-4
7f75e8033000-7f75e8034000 r--s 00000000 08:03 2359600                    /var/cache/fontconfig/4794a0821666d79190d59a36cb4f44b5-le64.cache-4
7f75e8034000-7f75e8076000 r--s 00000000 08:03 2359580                    /var/cache/fontconfig/0bd3dc0958fa2205aaaa8ebb13e2872b-le64.cache-4
7f75e8076000-7f75e80b1000 r--s 00000000 08:03 2359594                    /var/cache/fontconfig/365b55f210c0a22e9a19e35191240f32-le64.cache-4
7f75e80b1000-7f75e80b7000 r--s 00000000 08:03 2359592                    /var/cache/fontconfig/3047814df9a2f067bd2d96a2b9c36e5a-le64.cache-4
7f75e80b7000-7f75e80bf000 r--s 00000000 08:03 2359633                    /var/cache/fontconfig/bf3b770c553c462765856025a94f1ce6-le64.cache-4
7f75e80bf000-7f75e80d2000 r--s 00000000 08:03 2386322                    /var/cache/fontconfig/d52a8644073d54c13679302ca1180695-le64.cache-4
7f75e80d2000-7f75e80de000 r--s 00000000 08:03 2359649                    /var/cache/fontconfig/d589a48862398ed80a3d6066f4f56f4c-le64.cache-4
7f75e80de000-7f75e80f0000 r--s 00000000 08:03 2359628                    /var/cache/fontconfig/9b89f8e3dae116d678bbf48e5f21f69b-le64.cache-4
7f75e80f0000-7f75e80fe000 r--s 00095000 08:03 140598                     /home/hoanganh/.m2/repository/org/fourthline/cling/cling-core/2.1.1/cling-core-2.1.1.jar
7f75e80fe000-7f75e8cbb000 rw-p 00000000 00:00 0 
7f75e8cbb000-7f75e8e95000 r--s 03d4d000 08:03 928563                     /usr/local/java/jdk1.8.0_144/jre/lib/rt.jar
7f75e8e95000-7f75e98ea000 rw-p 00000000 00:00 0 
7f75e98ea000-7f75e98eb000 ---p 00000000 00:00 0 
7f75e98eb000-7f75e99eb000 rw-p 00000000 00:00 0 
7f75e99eb000-7f75e99ec000 ---p 00000000 00:00 0 
7f75e99ec000-7f75e9aec000 rw-p 00000000 00:00 0 
7f75e9aec000-7f75e9aed000 ---p 00000000 00:00 0 
7f75e9aed000-7f75e9bed000 rw-p 00000000 00:00 0 
7f75e9bed000-7f75e9bee000 ---p 00000000 00:00 0 
7f75e9bee000-7f75e9d02000 rw-p 00000000 00:00 0 
7f75e9d02000-7f75e9e2e000 ---p 00000000 00:00 0 
7f75e9e2e000-7f75e9e42000 rw-p 00000000 00:00 0 
7f75e9e42000-7f75e9f6d000 ---p 00000000 00:00 0 
7f75e9f6d000-7f75e9f78000 rw-p 00000000 00:00 0 
7f75e9f78000-7f75ea00d000 ---p 00000000 00:00 0 
7f75ea00d000-7f75ea02b000 rw-p 00000000 00:00 0 
7f75ea02b000-7f75ea3ce000 ---p 00000000 00:00 0 
7f75ea3ce000-7f75ea3e8000 r-xp 00000000 08:03 928594                     /usr/local/java/jdk1.8.0_144/jre/lib/amd64/libzip.so
7f75ea3e8000-7f75ea5e8000 ---p 0001a000 08:03 928594                     /usr/local/java/jdk1.8.0_144/jre/lib/amd64/libzip.so
7f75ea5e8000-7f75ea5e9000 rw-p 0001a000 08:03 928594                     /usr/local/java/jdk1.8.0_144/jre/lib/amd64/libzip.so
7f75ea5e9000-7f75ea5f3000 r-xp 00000000 08:03 1314911                    /lib/x86_64-linux-gnu/libnss_files-2.24.so
7f75ea5f3000-7f75ea7f3000 ---p 0000a000 08:03 1314911                    /lib/x86_64-linux-gnu/libnss_files-2.24.so
7f75ea7f3000-7f75ea7f4000 r--p 0000a000 08:03 1314911                    /lib/x86_64-linux-gnu/libnss_files-2.24.so
7f75ea7f4000-7f75ea7f5000 rw-p 0000b000 08:03 1314911                    /lib/x86_64-linux-gnu/libnss_files-2.24.so
7f75ea7f5000-7f75ea7fb000 rw-p 00000000 00:00 0 
7f75ea7fb000-7f75ea806000 r-xp 00000000 08:03 1314919                    /lib/x86_64-linux-gnu/libnss_nis-2.24.so
7f75ea806000-7f75eaa05000 ---p 0000b000 08:03 1314919                    /lib/x86_64-linux-gnu/libnss_nis-2.24.so
7f75eaa05000-7f75eaa06000 r--p 0000a000 08:03 1314919                    /lib/x86_64-linux-gnu/libnss_nis-2.24.so
7f75eaa06000-7f75eaa07000 rw-p 0000b000 08:03 1314919                    /lib/x86_64-linux-gnu/libnss_nis-2.24.so
7f75eaa07000-7f75eaa1b000 r-xp 00000000 08:03 1314908                    /lib/x86_64-linux-gnu/libnsl-2.24.so
7f75eaa1b000-7f75eac1b000 ---p 00014000 08:03 1314908                    /lib/x86_64-linux-gnu/libnsl-2.24.so
7f75eac1b000-7f75eac1c000 r--p 00014000 08:03 1314908                    /lib/x86_64-linux-gnu/libnsl-2.24.so
7f75eac1c000-7f75eac1d000 rw-p 00015000 08:03 1314908                    /lib/x86_64-linux-gnu/libnsl-2.24.so
7f75eac1d000-7f75eac1f000 rw-p 00000000 00:00 0 
7f75eac1f000-7f75eac26000 r-xp 00000000 08:03 1314909                    /lib/x86_64-linux-gnu/libnss_compat-2.24.so
7f75eac26000-7f75eae25000 ---p 00007000 08:03 1314909                    /lib/x86_64-linux-gnu/libnss_compat-2.24.so
7f75eae25000-7f75eae26000 r--p 00006000 08:03 1314909                    /lib/x86_64-linux-gnu/libnss_compat-2.24.so
7f75eae26000-7f75eae27000 rw-p 00007000 08:03 1314909                    /lib/x86_64-linux-gnu/libnss_compat-2.24.so
7f75eae27000-7f75eae52000 r-xp 00000000 08:03 928619                     /usr/local/java/jdk1.8.0_144/jre/lib/amd64/libjava.so
7f75eae52000-7f75eb051000 ---p 0002b000 08:03 928619                     /usr/local/java/jdk1.8.0_144/jre/lib/amd64/libjava.so
7f75eb051000-7f75eb053000 rw-p 0002a000 08:03 928619                     /usr/local/java/jdk1.8.0_144/jre/lib/amd64/libjava.so
7f75eb053000-7f75eb060000 r-xp 00000000 08:03 928572                     /usr/local/java/jdk1.8.0_144/jre/lib/amd64/libverify.so
7f75eb060000-7f75eb260000 ---p 0000d000 08:03 928572                     /usr/local/java/jdk1.8.0_144/jre/lib/amd64/libverify.so
7f75eb260000-7f75eb262000 rw-p 0000d000 08:03 928572                     /usr/local/java/jdk1.8.0_144/jre/lib/amd64/libverify.so
7f75eb262000-7f75eb269000 r-xp 00000000 08:03 1314940                    /lib/x86_64-linux-gnu/librt-2.24.so
7f75eb269000-7f75eb468000 ---p 00007000 08:03 1314940                    /lib/x86_64-linux-gnu/librt-2.24.so
7f75eb468000-7f75eb469000 r--p 00006000 08:03 1314940                    /lib/x86_64-linux-gnu/librt-2.24.so
7f75eb469000-7f75eb46a000 rw-p 00007000 08:03 1314940                    /lib/x86_64-linux-gnu/librt-2.24.so
7f75eb46a000-7f75eb56d000 r-xp 00000000 08:03 1314899                    /lib/x86_64-linux-gnu/libm-2.24.so
7f75eb56d000-7f75eb76c000 ---p 00103000 08:03 1314899                    /lib/x86_64-linux-gnu/libm-2.24.so
7f75eb76c000-7f75eb76d000 r--p 00102000 08:03 1314899                    /lib/x86_64-linux-gnu/libm-2.24.so
7f75eb76d000-7f75eb76e000 rw-p 00103000 08:03 1314899                    /lib/x86_64-linux-gnu/libm-2.24.so
7f75eb76e000-7f75ec441000 r-xp 00000000 08:03 1050828                    /usr/local/java/jdk1.8.0_144/jre/lib/amd64/server/libjvm.so
7f75ec441000-7f75ec640000 ---p 00cd3000 08:03 1050828                    /usr/local/java/jdk1.8.0_144/jre/lib/amd64/server/libjvm.so
7f75ec640000-7f75ec71a000 rw-p 00cd2000 08:03 1050828                    /usr/local/java/jdk1.8.0_144/jre/lib/amd64/server/libjvm.so
7f75ec71a000-7f75ec765000 rw-p 00000000 00:00 0 
7f75ec765000-7f75ec8fa000 r-xp 00000000 08:03 1314867                    /lib/x86_64-linux-gnu/libc-2.24.so
7f75ec8fa000-7f75ecaf9000 ---p 00195000 08:03 1314867                    /lib/x86_64-linux-gnu/libc-2.24.so
7f75ecaf9000-7f75ecafd000 r--p 00194000 08:03 1314867                    /lib/x86_64-linux-gnu/libc-2.24.so
7f75ecafd000-7f75ecaff000 rw-p 00198000 08:03 1314867                    /lib/x86_64-linux-gnu/libc-2.24.so
7f75ecaff000-7f75ecb03000 rw-p 00000000 00:00 0 
7f75ecb03000-7f75ecb06000 r-xp 00000000 08:03 1314876                    /lib/x86_64-linux-gnu/libdl-2.24.so
7f75ecb06000-7f75ecd05000 ---p 00003000 08:03 1314876                    /lib/x86_64-linux-gnu/libdl-2.24.so
7f75ecd05000-7f75ecd06000 r--p 00002000 08:03 1314876                    /lib/x86_64-linux-gnu/libdl-2.24.so
7f75ecd06000-7f75ecd07000 rw-p 00003000 08:03 1314876                    /lib/x86_64-linux-gnu/libdl-2.24.so
7f75ecd07000-7f75ecd1c000 r-xp 00000000 08:03 403466                     /usr/local/java/jdk1.8.0_144/lib/amd64/jli/libjli.so
7f75ecd1c000-7f75ecf1c000 ---p 00015000 08:03 403466                     /usr/local/java/jdk1.8.0_144/lib/amd64/jli/libjli.so
7f75ecf1c000-7f75ecf1d000 rw-p 00015000 08:03 403466                     /usr/local/java/jdk1.8.0_144/lib/amd64/jli/libjli.so
7f75ecf1d000-7f75ecf35000 r-xp 00000000 08:03 1314936                    /lib/x86_64-linux-gnu/libpthread-2.24.so
7f75ecf35000-7f75ed134000 ---p 00018000 08:03 1314936                    /lib/x86_64-linux-gnu/libpthread-2.24.so
7f75ed134000-7f75ed135000 r--p 00017000 08:03 1314936                    /lib/x86_64-linux-gnu/libpthread-2.24.so
7f75ed135000-7f75ed136000 rw-p 00018000 08:03 1314936                    /lib/x86_64-linux-gnu/libpthread-2.24.so
7f75ed136000-7f75ed13a000 rw-p 00000000 00:00 0 
7f75ed13a000-7f75ed15d000 r-xp 00000000 08:03 1314854                    /lib/x86_64-linux-gnu/ld-2.24.so
7f75ed15d000-7f75ed15f000 r--s 00000000 08:03 2359631                    /var/cache/fontconfig/a0107c79d978dfcc5e42cb1335b71036-le64.cache-4
7f75ed15f000-7f75ed162000 r--s 00000000 08:03 2359657                    /var/cache/fontconfig/e49e89034d371f0f9de17aab02136486-le64.cache-4
7f75ed162000-7f75ed164000 r--s 00000000 08:03 2359602                    /var/cache/fontconfig/4b14b093aebc79c320de5e86ae1d3314-le64.cache-4
7f75ed164000-7f75ed165000 r--s 00000000 08:03 2359622                    /var/cache/fontconfig/8a687c406b77f27d99abfeeba937fcce-le64.cache-4
7f75ed165000-7f75ed169000 r--s 00000000 08:03 2359588                    /var/cache/fontconfig/246184dc75a16901ca37d96895904249-le64.cache-4
7f75ed169000-7f75ed22e000 rw-p 00000000 00:00 0 
7f75ed22e000-7f75ed231000 ---p 00000000 00:00 0 
7f75ed231000-7f75ed331000 rw-p 00000000 00:00 0 
7f75ed331000-7f75ed332000 r--s 00000000 08:03 2359598                    /var/cache/fontconfig/3f7329c5293ffd510edef78f73874cfd-le64.cache-4
7f75ed332000-7f75ed339000 r--s 00000000 08:03 2359608                    /var/cache/fontconfig/53d14c92082a93e67d5078324eb314ca-le64.cache-4
7f75ed339000-7f75ed33a000 r--s 00000000 08:03 2359635                    /var/cache/fontconfig/c277e94e32b20404286a1ddafa5a80f0-le64.cache-4
7f75ed33a000-7f75ed33d000 r--s 00000000 08:03 2359655                    /var/cache/fontconfig/e13b20fdb08344e0e664864cc2ede53d-le64.cache-4
7f75ed33d000-7f75ed350000 rw-p 00000000 00:00 0 
7f75ed350000-7f75ed358000 rw-s 00000000 08:03 935261                     /tmp/hsperfdata_hoanganh/19119
7f75ed358000-7f75ed359000 rw-p 00000000 00:00 0 
7f75ed359000-7f75ed35a000 ---p 00000000 00:00 0 
7f75ed35a000-7f75ed35d000 rw-p 00000000 00:00 0 
7f75ed35d000-7f75ed35e000 r--p 00023000 08:03 1314854                    /lib/x86_64-linux-gnu/ld-2.24.so
7f75ed35e000-7f75ed35f000 rw-p 00024000 08:03 1314854                    /lib/x86_64-linux-gnu/ld-2.24.so
7f75ed35f000-7f75ed360000 rw-p 00000000 00:00 0 
7ffc653a6000-7ffc653c8000 rw-p 00000000 00:00 0                          [stack]
7ffc653fc000-7ffc653fe000 r--p 00000000 00:00 0                          [vvar]
7ffc653fe000-7ffc65400000 r-xp 00000000 00:00 0                          [vdso]
ffffffffff600000-ffffffffff601000 r-xp 00000000 00:00 0                  [vsyscall]

VM Arguments:
jvm_args: -Dfile.encoding=UTF-8 
java_command: smartHome.ControlPoint
java_class_path (initial): /home/hoanganh/Programming/STS4-workspace/cling/target/classes:/home/hoanganh/.m2/repository/org/fourthline/cling/cling-core/2.1.1/cling-core-2.1.1.jar:/home/hoanganh/.m2/repository/org/seamless/seamless-util/1.1.1/seamless-util-1.1.1.jar:/home/hoanganh/.m2/repository/org/seamless/seamless-http/1.1.1/seamless-http-1.1.1.jar:/home/hoanganh/.m2/repository/org/seamless/seamless-xml/1.1.1/seamless-xml-1.1.1.jar:/home/hoanganh/.m2/repository/org/eclipse/jetty/jetty-server/9.4.12.v20180830/jetty-server-9.4.12.v20180830.jar:/home/hoanganh/.m2/repository/javax/servlet/javax.servlet-api/3.1.0/javax.servlet-api-3.1.0.jar:/home/hoanganh/.m2/repository/org/eclipse/jetty/jetty-http/9.4.12.v20180830/jetty-http-9.4.12.v20180830.jar:/home/hoanganh/.m2/repository/org/eclipse/jetty/jetty-util/9.4.12.v20180830/jetty-util-9.4.12.v20180830.jar:/home/hoanganh/.m2/repository/org/eclipse/jetty/jetty-io/9.4.12.v20180830/jetty-io-9.4.12.v20180830.jar:/home/hoanganh/.m2/repository/org/eclipse/jetty/jetty-servlet/9.4.12.v20180830/jetty-servlet-9.4.12.v20180830.jar:/home/hoanganh/.m2/repository/org/eclipse/jetty/jetty-security/9.4.12.v20180830/jetty-security-9.4.12.v20180830.jar:/home/hoanganh/.m2/repository/org/eclipse/jetty/jetty-client/9.4.12.v20180830/jetty-client-9.4.12.v20180830.jar:/home/hoanganh/.m2/repository/com/google/android/android/4.1.1.4/android-4.1.1.4.jar:/home/hoanganh/.m2/repository/commons-logging/commons-logging/1.1.1/commons-logging-1.1.1.jar:/home/hoanganh/.m2/repository/org/apache/httpcomponents/httpclient/4.0.1/httpclient-4.0.1.jar:/home/hoanganh/.m2/repository/org/apache/httpcomponents/httpcore/4.0.1/httpcore-4.0.1.jar:/home/hoanganh/.m2/repository/commons-codec/commons-codec/1.3/commons-codec-1.3.jar:/home/hoanganh/.m2/repository/org/khronos/opengl-api/gl1.1-android-2.1_r1/opengl-api-gl1.1-android-2.1_r1.jar:/home/hoanganh/.m2/repository/xerces/xmlParserAPIs/2.6.2/xmlParserAPIs-2.6.2.jar:/home/hoanganh/.m2/repository/xpp3/xpp3/1.1.4c/xpp3-
Launcher Type: SUN_STANDARD

Environment Variables:
JAVA_HOME=/usr/local/java/jdk1.8.0_144
JRE_HOME=/usr/local/java/jdk1.8.0_144/jre
PATH=/home/hoanganh/.rvm/gems/ruby-2.4.1/bin:/home/hoanganh/.rvm/gems/ruby-2.4.1@global/bin:/home/hoanganh/.rvm/rubies/ruby-2.4.1/bin:/usr/local/bin:/usr/bin:/bin:/usr/local/games:/usr/games:/usr/local/sbin:/usr/sbin:/sbin:/usr/local/java/jdk1.8.0_144/bin:/usr/local/java/jdk1.8.0_144/jre/bin::/home/hoanganh/.rvm/rubies/ruby-2.2.0/bin:/home/hoanganh/.rvm/bin:/home/hoanganh/.rvm/rubies/ruby-2.2.0/bin:/home/hoanganh/Android/Sdk/tools:/home/hoanganh/Android/Sdk/platform-tools
SHELL=/bin/bash
DISPLAY=:0

Signal Handlers:
SIGSEGV: [libjvm.so+0xacba10], sa_mask[0]=11111111011111111101111111111110, sa_flags=SA_RESTART|SA_SIGINFO
SIGBUS: [libjvm.so+0xacba10], sa_mask[0]=11111111011111111101111111111110, sa_flags=SA_RESTART|SA_SIGINFO
SIGFPE: [libjvm.so+0x924ba0], sa_mask[0]=11111111011111111101111111111110, sa_flags=SA_RESTART|SA_SIGINFO
SIGPIPE: [libjvm.so+0x924ba0], sa_mask[0]=11111111011111111101111111111110, sa_flags=SA_RESTART|SA_SIGINFO
SIGXFSZ: [libjvm.so+0x924ba0], sa_mask[0]=11111111011111111101111111111110, sa_flags=SA_RESTART|SA_SIGINFO
SIGILL: [libjvm.so+0x924ba0], sa_mask[0]=11111111011111111101111111111110, sa_flags=SA_RESTART|SA_SIGINFO
SIGUSR1: SIG_DFL, sa_mask[0]=00000000000000000000000000000000, sa_flags=none
SIGUSR2: [libjvm.so+0x9263e0], sa_mask[0]=00100000000000000000000000000000, sa_flags=SA_RESTART|SA_SIGINFO
SIGHUP: [libjvm.so+0x9277e0], sa_mask[0]=11111111011111111101111111111110, sa_flags=SA_RESTART|SA_SIGINFO
SIGINT: [libjvm.so+0x9277e0], sa_mask[0]=11111111011111111101111111111110, sa_flags=SA_RESTART|SA_SIGINFO
SIGTERM: [libjvm.so+0x9277e0], sa_mask[0]=11111111011111111101111111111110, sa_flags=SA_RESTART|SA_SIGINFO
SIGQUIT: [libjvm.so+0x9277e0], sa_mask[0]=11111111011111111101111111111110, sa_flags=SA_RESTART|SA_SIGINFO


---------------  S Y S T E M  ---------------

OS:DISTRIB_ID=Debian
DISTRIB_RELEASE=17.06
DISTRIB_CODENAME=stretch
DISTRIB_DESCRIPTION="Netrunner 17.06"

uname:Linux 4.9.0-3-amd64 #1 SMP Debian 4.9.25-1 (2017-05-02) x86_64
libc:glibc 2.24 NPTL 2.24 
rlimit: STACK 8192k, CORE 0k, NPROC 15156, NOFILE 65536, AS infinity
load average:88,17 64,81 42,61

/proc/meminfo:
MemTotal:        3922948 kB
MemFree:          201140 kB
MemAvailable:     121928 kB
Buffers:             504 kB
Cached:           255124 kB
SwapCached:            0 kB
Active:          3281836 kB
Inactive:         236384 kB
Active(anon):    3273816 kB
Inactive(anon):   184828 kB
Active(file):       8020 kB
Inactive(file):    51556 kB
Unevictable:        5052 kB
Mlocked:            5052 kB
SwapTotal:             0 kB
SwapFree:              0 kB
Dirty:               320 kB
Writeback:           148 kB
AnonPages:       3267740 kB
Mapped:           140052 kB
Shmem:            192316 kB
Slab:              72976 kB
SReclaimable:      24544 kB
SUnreclaim:        48432 kB
KernelStack:       14752 kB
PageTables:        61572 kB
NFS_Unstable:          0 kB
Bounce:                0 kB
WritebackTmp:          0 kB
CommitLimit:     1961472 kB
Committed_AS:    9938488 kB
VmallocTotal:   34359738367 kB
VmallocUsed:           0 kB
VmallocChunk:          0 kB
HardwareCorrupted:     0 kB
AnonHugePages:         0 kB
ShmemHugePages:        0 kB
ShmemPmdMapped:        0 kB
HugePages_Total:       0
HugePages_Free:        0
HugePages_Rsvd:        0
HugePages_Surp:        0
Hugepagesize:       2048 kB
DirectMap4k:      261884 kB
DirectMap2M:     3805184 kB


CPU:total 4 (initial active 4) (2 cores per cpu, 2 threads per core) family 6 model 58 stepping 9, cmov, cx8, fxsr, mmx, sse, sse2, sse3, ssse3, sse4.1, sse4.2, popcnt, avx, clmul, erms, ht, tsc, tscinvbit, tscinv

/proc/cpuinfo:
processor	: 0
vendor_id	: GenuineIntel
cpu family	: 6
model		: 58
model name	: Intel(R) Core(TM) i3-3120M CPU @ 2.50GHz
stepping	: 9
microcode	: 0x1c
cpu MHz		: 2500.000
cache size	: 3072 KB
physical id	: 0
siblings	: 4
core id		: 0
cpu cores	: 2
apicid		: 0
initial apicid	: 0
fpu		: yes
fpu_exception	: yes
cpuid level	: 13
wp		: yes
flags		: fpu vme de pse tsc msr pae mce cx8 apic sep mtrr pge mca cmov pat pse36 clflush dts acpi mmx fxsr sse sse2 ss ht tm pbe syscall nx rdtscp lm constant_tsc arch_perfmon pebs bts rep_good nopl xtopology nonstop_tsc aperfmperf eagerfpu pni pclmulqdq dtes64 monitor ds_cpl vmx est tm2 ssse3 cx16 xtpr pdcm pcid sse4_1 sse4_2 x2apic popcnt tsc_deadline_timer xsave avx f16c lahf_lm epb tpr_shadow vnmi flexpriority ept vpid fsgsbase smep erms xsaveopt dtherm arat pln pts
bugs		:
bogomips	: 4988.83
clflush size	: 64
cache_alignment	: 64
address sizes	: 36 bits physical, 48 bits virtual
power management:

processor	: 1
vendor_id	: GenuineIntel
cpu family	: 6
model		: 58
model name	: Intel(R) Core(TM) i3-3120M CPU @ 2.50GHz
stepping	: 9
microcode	: 0x1c
cpu MHz		: 2500.000
cache size	: 3072 KB
physical id	: 0
siblings	: 4
core id		: 0
cpu cores	: 2
apicid		: 1
initial apicid	: 1
fpu		: yes
fpu_exception	: yes
cpuid level	: 13
wp		: yes
flags		: fpu vme de pse tsc msr pae mce cx8 apic sep mtrr pge mca cmov pat pse36 clflush dts acpi mmx fxsr sse sse2 ss ht tm pbe syscall nx rdtscp lm constant_tsc arch_perfmon pebs bts rep_good nopl xtopology nonstop_tsc aperfmperf eagerfpu pni pclmulqdq dtes64 monitor ds_cpl vmx est tm2 ssse3 cx16 xtpr pdcm pcid sse4_1 sse4_2 x2apic popcnt tsc_deadline_timer xsave avx f16c lahf_lm epb tpr_shadow vnmi flexpriority ept vpid fsgsbase smep erms xsaveopt dtherm arat pln pts
bugs		:
bogomips	: 4990.10
clflush size	: 64
cache_alignment	: 64
address sizes	: 36 bits physical, 48 bits virtual
power management:

processor	: 2
vendor_id	: GenuineIntel
cpu family	: 6
model		: 58
model name	: Intel(R) Core(TM) i3-3120M CPU @ 2.50GHz
stepping	: 9
microcode	: 0x1c
cpu MHz		: 2500.000
cache size	: 3072 KB
physical id	: 0
siblings	: 4
core id		: 1
cpu cores	: 2
apicid		: 2
initial apicid	: 2
fpu		: yes
fpu_exception	: yes
cpuid level	: 13
wp		: yes
flags		: fpu vme de pse tsc msr pae mce cx8 apic sep mtrr pge mca cmov pat pse36 clflush dts acpi mmx fxsr sse sse2 ss ht tm pbe syscall nx rdtscp lm constant_tsc arch_perfmon pebs bts rep_good nopl xtopology nonstop_tsc aperfmperf eagerfpu pni pclmulqdq dtes64 monitor ds_cpl vmx est tm2 ssse3 cx16 xtpr pdcm pcid sse4_1 sse4_2 x2apic popcnt tsc_deadline_timer xsave avx f16c lahf_lm epb tpr_shadow vnmi flexpriority ept vpid fsgsbase smep erms xsaveopt dtherm arat pln pts
bugs		:
bogomips	: 4989.84
clflush size	: 64
cache_alignment	: 64
address sizes	: 36 bits physical, 48 bits virtual
power management:

processor	: 3
vendor_id	: GenuineIntel
cpu family	: 6
model		: 58
model name	: Intel(R) Core(TM) i3-3120M CPU @ 2.50GHz
stepping	: 9
microcode	: 0x1c
cpu MHz		: 2499.847
cache size	: 3072 KB
physical id	: 0
siblings	: 4
core id		: 1
cpu cores	: 2
apicid		: 3
initial apicid	: 3
fpu		: yes
fpu_exception	: yes
cpuid level	: 13
wp		: yes
flags		: fpu vme de pse tsc msr pae mce cx8 apic sep mtrr pge mca cmov pat pse36 clflush dts acpi mmx fxsr sse sse2 ss ht tm pbe syscall nx rdtscp lm constant_tsc arch_perfmon pebs bts rep_good nopl xtopology nonstop_tsc aperfmperf eagerfpu pni pclmulqdq dtes64 monitor ds_cpl vmx est tm2 ssse3 cx16 xtpr pdcm pcid sse4_1 sse4_2 x2apic popcnt tsc_deadline_timer xsave avx f16c lahf_lm epb tpr_shadow vnmi flexpriority ept vpid fsgsbase smep erms xsaveopt dtherm arat pln pts
bugs		:
bogomips	: 4989.87
clflush size	: 64
cache_alignment	: 64
address sizes	: 36 bits physical, 48 bits virtual
power management:



Memory: 4k page, physical 3922948k(201140k free), swap 0k(0k free)

vm_info: Java HotSpot(TM) 64-Bit Server VM (25.144-b01) for linux-amd64 JRE (1.8.0_144-b01), built on Jul 21 2017 21:57:33 by "java_re" with gcc 4.3.0 20080428 (Red Hat 4.3.0-8)

time: Sat Oct  6 10:49:05 2018
elapsed time: 2087 seconds (0d 0h 34m 47s)

